This is pdfTeX, Version 3.14159265-2.6-1.40.18 (TeX Live 2017) (preloaded format=pdflatex 2017.9.18)  21 DEC 2018 14:54
entering extended mode
 restricted \write18 enabled.
 %&-line parsing enabled.
**presentacion.tex
(./presentacion.tex
LaTeX2e <2017-04-15>
Babel <3.10> and hyphenation patterns for 84 language(s) loaded.
(/usr/local/texlive/2017/texmf-dist/tex/latex/beamer/beamer.cls
Document Class: beamer 2017/01/23 v3.41 A class for typesetting presentations
(/usr/local/texlive/2017/texmf-dist/tex/latex/etoolbox/etoolbox.sty
Package: etoolbox 2017/01/02 v2.4 e-TeX tools for LaTeX (JAW)
\etb@tempcnta=\count79
)
(/usr/local/texlive/2017/texmf-dist/tex/latex/beamer/beamerbasemodes.sty
\beamer@tempbox=\box26
\beamer@tempcount=\count80
\c@beamerpauses=\count81

(/usr/local/texlive/2017/texmf-dist/tex/latex/beamer/beamerbasedecode.sty
\beamer@slideinframe=\count82
\beamer@minimum=\count83
)
\beamer@commentbox=\box27
\beamer@modecount=\count84
)
(/usr/local/texlive/2017/texmf-dist/tex/generic/oberdiek/ifpdf.sty
Package: ifpdf 2017/03/15 v3.2 Provides the ifpdf switch
)
\headheight=\dimen102
\headdp=\dimen103
\footheight=\dimen104
\sidebarheight=\dimen105
\beamer@tempdim=\dimen106
\beamer@finalheight=\dimen107
\beamer@animht=\dimen108
\beamer@animdp=\dimen109
\beamer@animwd=\dimen110
\beamer@leftmargin=\dimen111
\beamer@rightmargin=\dimen112
\beamer@leftsidebar=\dimen113
\beamer@rightsidebar=\dimen114
\beamer@boxsize=\dimen115
\beamer@vboxoffset=\dimen116
\beamer@descdefault=\dimen117
\beamer@descriptionwidth=\dimen118
\beamer@lastskip=\skip41
\beamer@areabox=\box28
\beamer@animcurrent=\box29
\beamer@animshowbox=\box30
\beamer@sectionbox=\box31
\beamer@logobox=\box32
\beamer@linebox=\box33
\beamer@sectioncount=\count85
\beamer@subsubsectionmax=\count86
\beamer@subsectionmax=\count87
\beamer@sectionmax=\count88
\beamer@totalheads=\count89
\beamer@headcounter=\count90
\beamer@partstartpage=\count91
\beamer@sectionstartpage=\count92
\beamer@subsectionstartpage=\count93
\beamer@animationtempa=\count94
\beamer@animationtempb=\count95
\beamer@xpos=\count96
\beamer@ypos=\count97
\beamer@showpartnumber=\count98
\beamer@currentsubsection=\count99
\beamer@coveringdepth=\count100
\beamer@sectionadjust=\count101
\beamer@tocsectionnumber=\count102

(/usr/local/texlive/2017/texmf-dist/tex/latex/beamer/beamerbaseoptions.sty
(/usr/local/texlive/2017/texmf-dist/tex/latex/graphics/keyval.sty
Package: keyval 2014/10/28 v1.15 key=value parser (DPC)
\KV@toks@=\toks14
))
\beamer@paperwidth=\skip42
\beamer@paperheight=\skip43

(/usr/local/texlive/2017/texmf-dist/tex/latex/geometry/geometry.sty
Package: geometry 2010/09/12 v5.6 Page Geometry

(/usr/local/texlive/2017/texmf-dist/tex/generic/oberdiek/ifvtex.sty
Package: ifvtex 2016/05/16 v1.6 Detect VTeX and its facilities (HO)
Package ifvtex Info: VTeX not detected.
)
(/usr/local/texlive/2017/texmf-dist/tex/generic/ifxetex/ifxetex.sty
Package: ifxetex 2010/09/12 v0.6 Provides ifxetex conditional
)
\Gm@cnth=\count103
\Gm@cntv=\count104
\c@Gm@tempcnt=\count105
\Gm@bindingoffset=\dimen119
\Gm@wd@mp=\dimen120
\Gm@odd@mp=\dimen121
\Gm@even@mp=\dimen122
\Gm@layoutwidth=\dimen123
\Gm@layoutheight=\dimen124
\Gm@layouthoffset=\dimen125
\Gm@layoutvoffset=\dimen126
\Gm@dimlist=\toks15
)
(/usr/local/texlive/2017/texmf-dist/tex/latex/base/size11.clo
File: size11.clo 2014/09/29 v1.4h Standard LaTeX file (size option)
)
(/usr/local/texlive/2017/texmf-dist/tex/latex/pgf/basiclayer/pgfcore.sty
(/usr/local/texlive/2017/texmf-dist/tex/latex/graphics/graphicx.sty
Package: graphicx 2014/10/28 v1.0g Enhanced LaTeX Graphics (DPC,SPQR)

(/usr/local/texlive/2017/texmf-dist/tex/latex/graphics/graphics.sty
Package: graphics 2017/04/14 v1.1b Standard LaTeX Graphics (DPC,SPQR)

(/usr/local/texlive/2017/texmf-dist/tex/latex/graphics/trig.sty
Package: trig 2016/01/03 v1.10 sin cos tan (DPC)
)
(/usr/local/texlive/2017/texmf-dist/tex/latex/graphics-cfg/graphics.cfg
File: graphics.cfg 2016/06/04 v1.11 sample graphics configuration
)
Package graphics Info: Driver file: pdftex.def on input line 99.

(/usr/local/texlive/2017/texmf-dist/tex/latex/graphics-def/pdftex.def
File: pdftex.def 2017/01/12 v0.06k Graphics/color for pdfTeX

(/usr/local/texlive/2017/texmf-dist/tex/generic/oberdiek/infwarerr.sty
Package: infwarerr 2016/05/16 v1.4 Providing info/warning/error messages (HO)
)
(/usr/local/texlive/2017/texmf-dist/tex/generic/oberdiek/ltxcmds.sty
Package: ltxcmds 2016/05/16 v1.23 LaTeX kernel commands for general use (HO)
)
\Gread@gobject=\count106
))
\Gin@req@height=\dimen127
\Gin@req@width=\dimen128
)
(/usr/local/texlive/2017/texmf-dist/tex/latex/pgf/systemlayer/pgfsys.sty
(/usr/local/texlive/2017/texmf-dist/tex/latex/pgf/utilities/pgfrcs.sty
(/usr/local/texlive/2017/texmf-dist/tex/generic/pgf/utilities/pgfutil-common.te
x
\pgfutil@everybye=\toks16
\pgfutil@tempdima=\dimen129
\pgfutil@tempdimb=\dimen130

(/usr/local/texlive/2017/texmf-dist/tex/generic/pgf/utilities/pgfutil-common-li
sts.tex))
(/usr/local/texlive/2017/texmf-dist/tex/generic/pgf/utilities/pgfutil-latex.def
\pgfutil@abb=\box34
(/usr/local/texlive/2017/texmf-dist/tex/latex/ms/everyshi.sty
Package: everyshi 2001/05/15 v3.00 EveryShipout Package (MS)
))
(/usr/local/texlive/2017/texmf-dist/tex/generic/pgf/utilities/pgfrcs.code.tex
Package: pgfrcs 2015/08/07 v3.0.1a (rcs-revision 1.31)
))
(/usr/local/texlive/2017/texmf-dist/tex/generic/pgf/systemlayer/pgfsys.code.tex
Package: pgfsys 2014/07/09 v3.0.1a (rcs-revision 1.48)
(/usr/local/texlive/2017/texmf-dist/tex/generic/pgf/utilities/pgfkeys.code.tex
\pgfkeys@pathtoks=\toks17
\pgfkeys@temptoks=\toks18

(/usr/local/texlive/2017/texmf-dist/tex/generic/pgf/utilities/pgfkeysfiltered.c
ode.tex
\pgfkeys@tmptoks=\toks19
))
\pgf@x=\dimen131
\pgf@y=\dimen132
\pgf@xa=\dimen133
\pgf@ya=\dimen134
\pgf@xb=\dimen135
\pgf@yb=\dimen136
\pgf@xc=\dimen137
\pgf@yc=\dimen138
\w@pgf@writea=\write3
\r@pgf@reada=\read1
\c@pgf@counta=\count107
\c@pgf@countb=\count108
\c@pgf@countc=\count109
\c@pgf@countd=\count110
\t@pgf@toka=\toks20
\t@pgf@tokb=\toks21
\t@pgf@tokc=\toks22

(/usr/local/texlive/2017/texmf-dist/tex/generic/pgf/systemlayer/pgf.cfg
File: pgf.cfg 2008/05/14  (rcs-revision 1.7)
)
Driver file for pgf: pgfsys-pdftex.def

(/usr/local/texlive/2017/texmf-dist/tex/generic/pgf/systemlayer/pgfsys-pdftex.d
ef
File: pgfsys-pdftex.def 2014/10/11  (rcs-revision 1.35)

(/usr/local/texlive/2017/texmf-dist/tex/generic/pgf/systemlayer/pgfsys-common-p
df.def
File: pgfsys-common-pdf.def 2013/10/10  (rcs-revision 1.13)
)))
(/usr/local/texlive/2017/texmf-dist/tex/generic/pgf/systemlayer/pgfsyssoftpath.
code.tex
File: pgfsyssoftpath.code.tex 2013/09/09  (rcs-revision 1.9)
\pgfsyssoftpath@smallbuffer@items=\count111
\pgfsyssoftpath@bigbuffer@items=\count112
)
(/usr/local/texlive/2017/texmf-dist/tex/generic/pgf/systemlayer/pgfsysprotocol.
code.tex
File: pgfsysprotocol.code.tex 2006/10/16  (rcs-revision 1.4)
)) (/usr/local/texlive/2017/texmf-dist/tex/latex/xcolor/xcolor.sty
Package: xcolor 2016/05/11 v2.12 LaTeX color extensions (UK)

(/usr/local/texlive/2017/texmf-dist/tex/latex/graphics-cfg/color.cfg
File: color.cfg 2016/01/02 v1.6 sample color configuration
)
Package xcolor Info: Driver file: pdftex.def on input line 225.
Package xcolor Info: Model `cmy' substituted by `cmy0' on input line 1348.
Package xcolor Info: Model `hsb' substituted by `rgb' on input line 1352.
Package xcolor Info: Model `RGB' extended on input line 1364.
Package xcolor Info: Model `HTML' substituted by `rgb' on input line 1366.
Package xcolor Info: Model `Hsb' substituted by `hsb' on input line 1367.
Package xcolor Info: Model `tHsb' substituted by `hsb' on input line 1368.
Package xcolor Info: Model `HSB' substituted by `hsb' on input line 1369.
Package xcolor Info: Model `Gray' substituted by `gray' on input line 1370.
Package xcolor Info: Model `wave' substituted by `hsb' on input line 1371.
)
(/usr/local/texlive/2017/texmf-dist/tex/generic/pgf/basiclayer/pgfcore.code.tex
Package: pgfcore 2010/04/11 v3.0.1a (rcs-revision 1.7)
(/usr/local/texlive/2017/texmf-dist/tex/generic/pgf/math/pgfmath.code.tex
(/usr/local/texlive/2017/texmf-dist/tex/generic/pgf/math/pgfmathcalc.code.tex
(/usr/local/texlive/2017/texmf-dist/tex/generic/pgf/math/pgfmathutil.code.tex)
(/usr/local/texlive/2017/texmf-dist/tex/generic/pgf/math/pgfmathparser.code.tex
\pgfmath@dimen=\dimen139
\pgfmath@count=\count113
\pgfmath@box=\box35
\pgfmath@toks=\toks23
\pgfmath@stack@operand=\toks24
\pgfmath@stack@operation=\toks25
)
(/usr/local/texlive/2017/texmf-dist/tex/generic/pgf/math/pgfmathfunctions.code.
tex
(/usr/local/texlive/2017/texmf-dist/tex/generic/pgf/math/pgfmathfunctions.basic
.code.tex)
(/usr/local/texlive/2017/texmf-dist/tex/generic/pgf/math/pgfmathfunctions.trigo
nometric.code.tex)
(/usr/local/texlive/2017/texmf-dist/tex/generic/pgf/math/pgfmathfunctions.rando
m.code.tex)
(/usr/local/texlive/2017/texmf-dist/tex/generic/pgf/math/pgfmathfunctions.compa
rison.code.tex)
(/usr/local/texlive/2017/texmf-dist/tex/generic/pgf/math/pgfmathfunctions.base.
code.tex)
(/usr/local/texlive/2017/texmf-dist/tex/generic/pgf/math/pgfmathfunctions.round
.code.tex)
(/usr/local/texlive/2017/texmf-dist/tex/generic/pgf/math/pgfmathfunctions.misc.
code.tex)
(/usr/local/texlive/2017/texmf-dist/tex/generic/pgf/math/pgfmathfunctions.integ
erarithmetics.code.tex)))
(/usr/local/texlive/2017/texmf-dist/tex/generic/pgf/math/pgfmathfloat.code.tex
\c@pgfmathroundto@lastzeros=\count114
))
(/usr/local/texlive/2017/texmf-dist/tex/generic/pgf/basiclayer/pgfcorepoints.co
de.tex
File: pgfcorepoints.code.tex 2013/10/07  (rcs-revision 1.27)
\pgf@picminx=\dimen140
\pgf@picmaxx=\dimen141
\pgf@picminy=\dimen142
\pgf@picmaxy=\dimen143
\pgf@pathminx=\dimen144
\pgf@pathmaxx=\dimen145
\pgf@pathminy=\dimen146
\pgf@pathmaxy=\dimen147
\pgf@xx=\dimen148
\pgf@xy=\dimen149
\pgf@yx=\dimen150
\pgf@yy=\dimen151
\pgf@zx=\dimen152
\pgf@zy=\dimen153
)
(/usr/local/texlive/2017/texmf-dist/tex/generic/pgf/basiclayer/pgfcorepathconst
ruct.code.tex
File: pgfcorepathconstruct.code.tex 2013/10/07  (rcs-revision 1.29)
\pgf@path@lastx=\dimen154
\pgf@path@lasty=\dimen155
)
(/usr/local/texlive/2017/texmf-dist/tex/generic/pgf/basiclayer/pgfcorepathusage
.code.tex
File: pgfcorepathusage.code.tex 2014/11/02  (rcs-revision 1.24)
\pgf@shorten@end@additional=\dimen156
\pgf@shorten@start@additional=\dimen157
)
(/usr/local/texlive/2017/texmf-dist/tex/generic/pgf/basiclayer/pgfcorescopes.co
de.tex
File: pgfcorescopes.code.tex 2015/05/08  (rcs-revision 1.46)
\pgfpic=\box36
\pgf@hbox=\box37
\pgf@layerbox@main=\box38
\pgf@picture@serial@count=\count115
)
(/usr/local/texlive/2017/texmf-dist/tex/generic/pgf/basiclayer/pgfcoregraphicst
ate.code.tex
File: pgfcoregraphicstate.code.tex 2014/11/02  (rcs-revision 1.12)
\pgflinewidth=\dimen158
)
(/usr/local/texlive/2017/texmf-dist/tex/generic/pgf/basiclayer/pgfcoretransform
ations.code.tex
File: pgfcoretransformations.code.tex 2015/08/07  (rcs-revision 1.20)
\pgf@pt@x=\dimen159
\pgf@pt@y=\dimen160
\pgf@pt@temp=\dimen161
)
(/usr/local/texlive/2017/texmf-dist/tex/generic/pgf/basiclayer/pgfcorequick.cod
e.tex
File: pgfcorequick.code.tex 2008/10/09  (rcs-revision 1.3)
)
(/usr/local/texlive/2017/texmf-dist/tex/generic/pgf/basiclayer/pgfcoreobjects.c
ode.tex
File: pgfcoreobjects.code.tex 2006/10/11  (rcs-revision 1.2)
)
(/usr/local/texlive/2017/texmf-dist/tex/generic/pgf/basiclayer/pgfcorepathproce
ssing.code.tex
File: pgfcorepathprocessing.code.tex 2013/09/09  (rcs-revision 1.9)
)
(/usr/local/texlive/2017/texmf-dist/tex/generic/pgf/basiclayer/pgfcorearrows.co
de.tex
File: pgfcorearrows.code.tex 2015/05/14  (rcs-revision 1.43)
\pgfarrowsep=\dimen162
)
(/usr/local/texlive/2017/texmf-dist/tex/generic/pgf/basiclayer/pgfcoreshade.cod
e.tex
File: pgfcoreshade.code.tex 2013/07/15  (rcs-revision 1.15)
\pgf@max=\dimen163
\pgf@sys@shading@range@num=\count116
)
(/usr/local/texlive/2017/texmf-dist/tex/generic/pgf/basiclayer/pgfcoreimage.cod
e.tex
File: pgfcoreimage.code.tex 2013/07/15  (rcs-revision 1.18)

(/usr/local/texlive/2017/texmf-dist/tex/generic/pgf/basiclayer/pgfcoreexternal.
code.tex
File: pgfcoreexternal.code.tex 2014/07/09  (rcs-revision 1.21)
\pgfexternal@startupbox=\box39
))
(/usr/local/texlive/2017/texmf-dist/tex/generic/pgf/basiclayer/pgfcorelayers.co
de.tex
File: pgfcorelayers.code.tex 2013/07/18  (rcs-revision 1.7)
)
(/usr/local/texlive/2017/texmf-dist/tex/generic/pgf/basiclayer/pgfcoretranspare
ncy.code.tex
File: pgfcoretransparency.code.tex 2013/09/30  (rcs-revision 1.5)
)
(/usr/local/texlive/2017/texmf-dist/tex/generic/pgf/basiclayer/pgfcorepatterns.
code.tex
File: pgfcorepatterns.code.tex 2013/11/07  (rcs-revision 1.5)
)))
(/usr/local/texlive/2017/texmf-dist/tex/latex/pgf/utilities/xxcolor.sty
Package: xxcolor 2003/10/24 ver 0.1
\XC@nummixins=\count117
\XC@countmixins=\count118
)
(/usr/local/texlive/2017/texmf-dist/tex/generic/oberdiek/atbegshi.sty
Package: atbegshi 2016/06/09 v1.18 At begin shipout hook (HO)
)
(/usr/local/texlive/2017/texmf-dist/tex/latex/hyperref/hyperref.sty
Package: hyperref 2017/03/14 v6.85a Hypertext links for LaTeX

(/usr/local/texlive/2017/texmf-dist/tex/generic/oberdiek/hobsub-hyperref.sty
Package: hobsub-hyperref 2016/05/16 v1.14 Bundle oberdiek, subset hyperref (HO)


(/usr/local/texlive/2017/texmf-dist/tex/generic/oberdiek/hobsub-generic.sty
Package: hobsub-generic 2016/05/16 v1.14 Bundle oberdiek, subset generic (HO)
Package: hobsub 2016/05/16 v1.14 Construct package bundles (HO)
Package hobsub Info: Skipping package `infwarerr' (already loaded).
Package hobsub Info: Skipping package `ltxcmds' (already loaded).
Package: ifluatex 2016/05/16 v1.4 Provides the ifluatex switch (HO)
Package ifluatex Info: LuaTeX not detected.
Package hobsub Info: Skipping package `ifvtex' (already loaded).
Package: intcalc 2016/05/16 v1.2 Expandable calculations with integers (HO)
Package hobsub Info: Skipping package `ifpdf' (already loaded).
Package: etexcmds 2016/05/16 v1.6 Avoid name clashes with e-TeX commands (HO)
Package etexcmds Info: Could not find \expanded.
(etexcmds)             That can mean that you are not using pdfTeX 1.50 or
(etexcmds)             that some package has redefined \expanded.
(etexcmds)             In the latter case, load this package earlier.
Package: kvsetkeys 2016/05/16 v1.17 Key value parser (HO)
Package: kvdefinekeys 2016/05/16 v1.4 Define keys (HO)
Package: pdftexcmds 2017/03/19 v0.25 Utility functions of pdfTeX for LuaTeX (HO
)
Package pdftexcmds Info: LuaTeX not detected.
Package pdftexcmds Info: \pdf@primitive is available.
Package pdftexcmds Info: \pdf@ifprimitive is available.
Package pdftexcmds Info: \pdfdraftmode found.
Package: pdfescape 2016/05/16 v1.14 Implements pdfTeX's escape features (HO)
Package: bigintcalc 2016/05/16 v1.4 Expandable calculations on big integers (HO
)
Package: bitset 2016/05/16 v1.2 Handle bit-vector datatype (HO)
Package: uniquecounter 2016/05/16 v1.3 Provide unlimited unique counter (HO)
)
Package hobsub Info: Skipping package `hobsub' (already loaded).
Package: letltxmacro 2016/05/16 v1.5 Let assignment for LaTeX macros (HO)
Package: hopatch 2016/05/16 v1.3 Wrapper for package hooks (HO)
Package: xcolor-patch 2016/05/16 xcolor patch
Package: atveryend 2016/05/16 v1.9 Hooks at the very end of document (HO)
Package hobsub Info: Skipping package `atbegshi' (already loaded).
Package: refcount 2016/05/16 v3.5 Data extraction from label references (HO)
Package: hycolor 2016/05/16 v1.8 Color options for hyperref/bookmark (HO)
)
(/usr/local/texlive/2017/texmf-dist/tex/latex/oberdiek/auxhook.sty
Package: auxhook 2016/05/16 v1.4 Hooks for auxiliary files (HO)
)
(/usr/local/texlive/2017/texmf-dist/tex/latex/oberdiek/kvoptions.sty
Package: kvoptions 2016/05/16 v3.12 Key value format for package options (HO)
)
\@linkdim=\dimen164
\Hy@linkcounter=\count119
\Hy@pagecounter=\count120

(/usr/local/texlive/2017/texmf-dist/tex/latex/hyperref/pd1enc.def
File: pd1enc.def 2017/03/14 v6.85a Hyperref: PDFDocEncoding definition (HO)
)
\Hy@SavedSpaceFactor=\count121

(/usr/local/texlive/2017/texmf-dist/tex/latex/latexconfig/hyperref.cfg
File: hyperref.cfg 2002/06/06 v1.2 hyperref configuration of TeXLive
)
Package hyperref Info: Option `bookmarks' set `true' on input line 4374.
Package hyperref Info: Option `bookmarksopen' set `true' on input line 4374.
Package hyperref Info: Option `implicit' set `false' on input line 4374.
Package hyperref Info: Hyper figures OFF on input line 4498.
Package hyperref Info: Link nesting OFF on input line 4503.
Package hyperref Info: Hyper index ON on input line 4506.
Package hyperref Info: Plain pages OFF on input line 4513.
Package hyperref Info: Backreferencing OFF on input line 4518.
Package hyperref Info: Implicit mode OFF; no redefinition of LaTeX internals.
Package hyperref Info: Bookmarks ON on input line 4751.
\c@Hy@tempcnt=\count122

(/usr/local/texlive/2017/texmf-dist/tex/latex/url/url.sty
\Urlmuskip=\muskip10
Package: url 2013/09/16  ver 3.4  Verb mode for urls, etc.
)
LaTeX Info: Redefining \url on input line 5104.
\XeTeXLinkMargin=\dimen165
\Fld@menulength=\count123
\Field@Width=\dimen166
\Fld@charsize=\dimen167
Package hyperref Info: Hyper figures OFF on input line 6358.
Package hyperref Info: Link nesting OFF on input line 6363.
Package hyperref Info: Hyper index ON on input line 6366.
Package hyperref Info: backreferencing OFF on input line 6373.
Package hyperref Info: Link coloring OFF on input line 6378.
Package hyperref Info: Link coloring with OCG OFF on input line 6383.
Package hyperref Info: PDF/A mode OFF on input line 6388.
LaTeX Info: Redefining \ref on input line 6428.
LaTeX Info: Redefining \pageref on input line 6432.
\Hy@abspage=\count124


Package hyperref Message: Stopped early.

)

Package hyperref Message: Driver (autodetected): hpdftex.

(/usr/local/texlive/2017/texmf-dist/tex/latex/hyperref/hpdftex.def
File: hpdftex.def 2017/03/14 v6.85a Hyperref driver for pdfTeX
\Fld@listcount=\count125
\c@bookmark@seq@number=\count126

(/usr/local/texlive/2017/texmf-dist/tex/latex/oberdiek/rerunfilecheck.sty
Package: rerunfilecheck 2016/05/16 v1.8 Rerun checks for auxiliary files (HO)
Package uniquecounter Info: New unique counter `rerunfilecheck' on input line 2
82.
))
(/usr/local/texlive/2017/texmf-dist/tex/latex/beamer/beamerbaserequires.sty
(/usr/local/texlive/2017/texmf-dist/tex/latex/beamer/beamerbasecompatibility.st
y) (/usr/local/texlive/2017/texmf-dist/tex/latex/beamer/beamerbasefont.sty
(/usr/local/texlive/2017/texmf-dist/tex/latex/amsfonts/amssymb.sty
Package: amssymb 2013/01/14 v3.01 AMS font symbols

(/usr/local/texlive/2017/texmf-dist/tex/latex/amsfonts/amsfonts.sty
Package: amsfonts 2013/01/14 v3.01 Basic AMSFonts support
\@emptytoks=\toks26
\symAMSa=\mathgroup4
\symAMSb=\mathgroup5
LaTeX Font Info:    Overwriting math alphabet `\mathfrak' in version `bold'
(Font)                  U/euf/m/n --> U/euf/b/n on input line 106.
))
(/usr/local/texlive/2017/texmf-dist/tex/latex/sansmathaccent/sansmathaccent.sty
Package: sansmathaccent 2013/03/28
(/usr/local/texlive/2017/texmf-dist/tex/latex/filehook/filehook.sty
Package: filehook 2011/10/12 v0.5d Hooks for input files
)))
(/usr/local/texlive/2017/texmf-dist/tex/latex/beamer/beamerbasetranslator.sty
(/usr/local/texlive/2017/texmf-dist/tex/latex/beamer/translator/translator.sty
Package: translator 2010/06/12 ver 1.10

(/usr/local/texlive/2017/texmf-dist/tex/latex/beamer/translator/translator-lang
uage-mappings.tex)))
(/usr/local/texlive/2017/texmf-dist/tex/latex/beamer/beamerbasemisc.sty)
(/usr/local/texlive/2017/texmf-dist/tex/latex/beamer/beamerbasetwoscreens.sty)
(/usr/local/texlive/2017/texmf-dist/tex/latex/beamer/beamerbaseoverlay.sty
\beamer@argscount=\count127
\beamer@lastskipcover=\skip44
\beamer@trivlistdepth=\count128
)
(/usr/local/texlive/2017/texmf-dist/tex/latex/beamer/beamerbasetitle.sty)
(/usr/local/texlive/2017/texmf-dist/tex/latex/beamer/beamerbasesection.sty
\c@lecture=\count129
\c@part=\count130
\c@section=\count131
\c@subsection=\count132
\c@subsubsection=\count133
)
(/usr/local/texlive/2017/texmf-dist/tex/latex/beamer/beamerbaseframe.sty
\beamer@framebox=\box40
\beamer@frametitlebox=\box41
\beamer@zoombox=\box42
\beamer@zoomcount=\count134
\beamer@zoomframecount=\count135
\beamer@frametextheight=\dimen168
\c@subsectionslide=\count136
\beamer@frametopskip=\skip45
\beamer@framebottomskip=\skip46
\beamer@frametopskipautobreak=\skip47
\beamer@framebottomskipautobreak=\skip48
\beamer@envbody=\toks27
\framewidth=\dimen169
\c@framenumber=\count137
)
(/usr/local/texlive/2017/texmf-dist/tex/latex/beamer/beamerbaseverbatim.sty
\beamer@verbatimfileout=\write4
)
(/usr/local/texlive/2017/texmf-dist/tex/latex/beamer/beamerbaseframesize.sty
\beamer@splitbox=\box43
\beamer@autobreakcount=\count138
\beamer@autobreaklastheight=\dimen170
\beamer@frametitletoks=\toks28
\beamer@framesubtitletoks=\toks29
)
(/usr/local/texlive/2017/texmf-dist/tex/latex/beamer/beamerbaseframecomponents.
sty
\beamer@footins=\box44
) (/usr/local/texlive/2017/texmf-dist/tex/latex/beamer/beamerbasecolor.sty)
(/usr/local/texlive/2017/texmf-dist/tex/latex/beamer/beamerbasenotes.sty
\beamer@frameboxcopy=\box45
)
(/usr/local/texlive/2017/texmf-dist/tex/latex/beamer/beamerbasetoc.sty)
(/usr/local/texlive/2017/texmf-dist/tex/latex/beamer/beamerbasetemplates.sty
\beamer@sbttoks=\toks30

(/usr/local/texlive/2017/texmf-dist/tex/latex/beamer/beamerbaseauxtemplates.sty
(/usr/local/texlive/2017/texmf-dist/tex/latex/beamer/beamerbaseboxes.sty
\bmb@box=\box46
\bmb@colorbox=\box47
\bmb@boxshadow=\box48
\bmb@boxshadowball=\box49
\bmb@boxshadowballlarge=\box50
\bmb@temp=\dimen171
\bmb@dima=\dimen172
\bmb@dimb=\dimen173
\bmb@prevheight=\dimen174
)
\beamer@blockheadheight=\dimen175
))
(/usr/local/texlive/2017/texmf-dist/tex/latex/beamer/beamerbaselocalstructure.s
ty (/usr/local/texlive/2017/texmf-dist/tex/latex/tools/enumerate.sty
Package: enumerate 2015/07/23 v3.00 enumerate extensions (DPC)
\@enLab=\toks31
)
\c@figure=\count139
\c@table=\count140
\abovecaptionskip=\skip49
\belowcaptionskip=\skip50
)
(/usr/local/texlive/2017/texmf-dist/tex/latex/beamer/beamerbasenavigation.sty
\beamer@section@min@dim=\dimen176
)
(/usr/local/texlive/2017/texmf-dist/tex/latex/beamer/beamerbasetheorems.sty
(/usr/local/texlive/2017/texmf-dist/tex/latex/amsmath/amsmath.sty
Package: amsmath 2016/11/05 v2.16a AMS math features
\@mathmargin=\skip51

For additional information on amsmath, use the `?' option.
(/usr/local/texlive/2017/texmf-dist/tex/latex/amsmath/amstext.sty
Package: amstext 2000/06/29 v2.01 AMS text

(/usr/local/texlive/2017/texmf-dist/tex/latex/amsmath/amsgen.sty
File: amsgen.sty 1999/11/30 v2.0 generic functions
\@emptytoks=\toks32
\ex@=\dimen177
))
(/usr/local/texlive/2017/texmf-dist/tex/latex/amsmath/amsbsy.sty
Package: amsbsy 1999/11/29 v1.2d Bold Symbols
\pmbraise@=\dimen178
)
(/usr/local/texlive/2017/texmf-dist/tex/latex/amsmath/amsopn.sty
Package: amsopn 2016/03/08 v2.02 operator names
)
\inf@bad=\count141
LaTeX Info: Redefining \frac on input line 213.
\uproot@=\count142
\leftroot@=\count143
LaTeX Info: Redefining \overline on input line 375.
\classnum@=\count144
\DOTSCASE@=\count145
LaTeX Info: Redefining \ldots on input line 472.
LaTeX Info: Redefining \dots on input line 475.
LaTeX Info: Redefining \cdots on input line 596.
\Mathstrutbox@=\box51
\strutbox@=\box52
\big@size=\dimen179
LaTeX Font Info:    Redeclaring font encoding OML on input line 712.
LaTeX Font Info:    Redeclaring font encoding OMS on input line 713.
\macc@depth=\count146
\c@MaxMatrixCols=\count147
\dotsspace@=\muskip11
\c@parentequation=\count148
\dspbrk@lvl=\count149
\tag@help=\toks33
\row@=\count150
\column@=\count151
\maxfields@=\count152
\andhelp@=\toks34
\eqnshift@=\dimen180
\alignsep@=\dimen181
\tagshift@=\dimen182
\tagwidth@=\dimen183
\totwidth@=\dimen184
\lineht@=\dimen185
\@envbody=\toks35
\multlinegap=\skip52
\multlinetaggap=\skip53
\mathdisplay@stack=\toks36
LaTeX Info: Redefining \[ on input line 2817.
LaTeX Info: Redefining \] on input line 2818.
)
(/usr/local/texlive/2017/texmf-dist/tex/latex/amscls/amsthm.sty
Package: amsthm 2015/03/04 v2.20.2
\thm@style=\toks37
\thm@bodyfont=\toks38
\thm@headfont=\toks39
\thm@notefont=\toks40
\thm@headpunct=\toks41
\thm@preskip=\skip54
\thm@postskip=\skip55
\thm@headsep=\skip56
\dth@everypar=\toks42
)
\c@theorem=\count153
)
(/usr/local/texlive/2017/texmf-dist/tex/latex/beamer/beamerbasethemes.sty))
(/usr/local/texlive/2017/texmf-dist/tex/latex/beamer/themes/theme/beamerthemede
fault.sty
(/usr/local/texlive/2017/texmf-dist/tex/latex/beamer/themes/font/beamerfontthem
edefault.sty)
(/usr/local/texlive/2017/texmf-dist/tex/latex/beamer/themes/color/beamercolorth
emedefault.sty)
(/usr/local/texlive/2017/texmf-dist/tex/latex/beamer/themes/inner/beamerinnerth
emedefault.sty
\beamer@dima=\dimen186
\beamer@dimb=\dimen187
)
(/usr/local/texlive/2017/texmf-dist/tex/latex/beamer/themes/outer/beamerouterth
emedefault.sty)))
(/usr/local/texlive/2017/texmf-dist/tex/generic/babel/babel.sty
Package: babel 2017/05/19 3.10 The Babel package

(/usr/local/texlive/2017/texmf-dist/tex/generic/babel-spanish/spanish.ldf
Language: spanish.ldf 2016/03/03 v5.0p Spanish support from the babel system

(/usr/local/texlive/2017/texmf-dist/tex/generic/babel/babel.def
File: babel.def 2017/05/19 3.10 Babel common definitions
\babel@savecnt=\count154
\U@D=\dimen188
LaTeX Info: Redefining \textlatin on input line 1648.
)
\es@quottoks=\toks43
\es@quotdepth=\count155
Package babel Info: Making " an active character on input line 561.
Package babel Info: Making . an active character on input line 662.
Package babel Info: Making < an active character on input line 707.
Package babel Info: Making > an active character on input line 707.
))
(/usr/local/texlive/2017/texmf-dist/tex/latex/base/inputenc.sty
Package: inputenc 2015/03/17 v1.2c Input encoding file
\inpenc@prehook=\toks44
\inpenc@posthook=\toks45

(/usr/local/texlive/2017/texmf-dist/tex/latex/base/utf8.def
File: utf8.def 2017/01/28 v1.1t UTF-8 support for inputenc
Now handling font encoding OML ...
... no UTF-8 mapping file for font encoding OML
Now handling font encoding T1 ...
... processing UTF-8 mapping file for font encoding T1

(/usr/local/texlive/2017/texmf-dist/tex/latex/base/t1enc.dfu
File: t1enc.dfu 2017/01/28 v1.1t UTF-8 support for inputenc
   defining Unicode char U+00A0 (decimal 160)
   defining Unicode char U+00A1 (decimal 161)
   defining Unicode char U+00A3 (decimal 163)
   defining Unicode char U+00AB (decimal 171)
   defining Unicode char U+00AD (decimal 173)
   defining Unicode char U+00BB (decimal 187)
   defining Unicode char U+00BF (decimal 191)
   defining Unicode char U+00C0 (decimal 192)
   defining Unicode char U+00C1 (decimal 193)
   defining Unicode char U+00C2 (decimal 194)
   defining Unicode char U+00C3 (decimal 195)
   defining Unicode char U+00C4 (decimal 196)
   defining Unicode char U+00C5 (decimal 197)
   defining Unicode char U+00C6 (decimal 198)
   defining Unicode char U+00C7 (decimal 199)
   defining Unicode char U+00C8 (decimal 200)
   defining Unicode char U+00C9 (decimal 201)
   defining Unicode char U+00CA (decimal 202)
   defining Unicode char U+00CB (decimal 203)
   defining Unicode char U+00CC (decimal 204)
   defining Unicode char U+00CD (decimal 205)
   defining Unicode char U+00CE (decimal 206)
   defining Unicode char U+00CF (decimal 207)
   defining Unicode char U+00D0 (decimal 208)
   defining Unicode char U+00D1 (decimal 209)
   defining Unicode char U+00D2 (decimal 210)
   defining Unicode char U+00D3 (decimal 211)
   defining Unicode char U+00D4 (decimal 212)
   defining Unicode char U+00D5 (decimal 213)
   defining Unicode char U+00D6 (decimal 214)
   defining Unicode char U+00D8 (decimal 216)
   defining Unicode char U+00D9 (decimal 217)
   defining Unicode char U+00DA (decimal 218)
   defining Unicode char U+00DB (decimal 219)
   defining Unicode char U+00DC (decimal 220)
   defining Unicode char U+00DD (decimal 221)
   defining Unicode char U+00DE (decimal 222)
   defining Unicode char U+00DF (decimal 223)
   defining Unicode char U+00E0 (decimal 224)
   defining Unicode char U+00E1 (decimal 225)
   defining Unicode char U+00E2 (decimal 226)
   defining Unicode char U+00E3 (decimal 227)
   defining Unicode char U+00E4 (decimal 228)
   defining Unicode char U+00E5 (decimal 229)
   defining Unicode char U+00E6 (decimal 230)
   defining Unicode char U+00E7 (decimal 231)
   defining Unicode char U+00E8 (decimal 232)
   defining Unicode char U+00E9 (decimal 233)
   defining Unicode char U+00EA (decimal 234)
   defining Unicode char U+00EB (decimal 235)
   defining Unicode char U+00EC (decimal 236)
   defining Unicode char U+00ED (decimal 237)
   defining Unicode char U+00EE (decimal 238)
   defining Unicode char U+00EF (decimal 239)
   defining Unicode char U+00F0 (decimal 240)
   defining Unicode char U+00F1 (decimal 241)
   defining Unicode char U+00F2 (decimal 242)
   defining Unicode char U+00F3 (decimal 243)
   defining Unicode char U+00F4 (decimal 244)
   defining Unicode char U+00F5 (decimal 245)
   defining Unicode char U+00F6 (decimal 246)
   defining Unicode char U+00F8 (decimal 248)
   defining Unicode char U+00F9 (decimal 249)
   defining Unicode char U+00FA (decimal 250)
   defining Unicode char U+00FB (decimal 251)
   defining Unicode char U+00FC (decimal 252)
   defining Unicode char U+00FD (decimal 253)
   defining Unicode char U+00FE (decimal 254)
   defining Unicode char U+00FF (decimal 255)
   defining Unicode char U+0100 (decimal 256)
   defining Unicode char U+0101 (decimal 257)
   defining Unicode char U+0102 (decimal 258)
   defining Unicode char U+0103 (decimal 259)
   defining Unicode char U+0104 (decimal 260)
   defining Unicode char U+0105 (decimal 261)
   defining Unicode char U+0106 (decimal 262)
   defining Unicode char U+0107 (decimal 263)
   defining Unicode char U+0108 (decimal 264)
   defining Unicode char U+0109 (decimal 265)
   defining Unicode char U+010A (decimal 266)
   defining Unicode char U+010B (decimal 267)
   defining Unicode char U+010C (decimal 268)
   defining Unicode char U+010D (decimal 269)
   defining Unicode char U+010E (decimal 270)
   defining Unicode char U+010F (decimal 271)
   defining Unicode char U+0110 (decimal 272)
   defining Unicode char U+0111 (decimal 273)
   defining Unicode char U+0112 (decimal 274)
   defining Unicode char U+0113 (decimal 275)
   defining Unicode char U+0114 (decimal 276)
   defining Unicode char U+0115 (decimal 277)
   defining Unicode char U+0116 (decimal 278)
   defining Unicode char U+0117 (decimal 279)
   defining Unicode char U+0118 (decimal 280)
   defining Unicode char U+0119 (decimal 281)
   defining Unicode char U+011A (decimal 282)
   defining Unicode char U+011B (decimal 283)
   defining Unicode char U+011C (decimal 284)
   defining Unicode char U+011D (decimal 285)
   defining Unicode char U+011E (decimal 286)
   defining Unicode char U+011F (decimal 287)
   defining Unicode char U+0120 (decimal 288)
   defining Unicode char U+0121 (decimal 289)
   defining Unicode char U+0122 (decimal 290)
   defining Unicode char U+0123 (decimal 291)
   defining Unicode char U+0124 (decimal 292)
   defining Unicode char U+0125 (decimal 293)
   defining Unicode char U+0128 (decimal 296)
   defining Unicode char U+0129 (decimal 297)
   defining Unicode char U+012A (decimal 298)
   defining Unicode char U+012B (decimal 299)
   defining Unicode char U+012C (decimal 300)
   defining Unicode char U+012D (decimal 301)
   defining Unicode char U+012E (decimal 302)
   defining Unicode char U+012F (decimal 303)
   defining Unicode char U+0130 (decimal 304)
   defining Unicode char U+0131 (decimal 305)
   defining Unicode char U+0132 (decimal 306)
   defining Unicode char U+0133 (decimal 307)
   defining Unicode char U+0134 (decimal 308)
   defining Unicode char U+0135 (decimal 309)
   defining Unicode char U+0136 (decimal 310)
   defining Unicode char U+0137 (decimal 311)
   defining Unicode char U+0139 (decimal 313)
   defining Unicode char U+013A (decimal 314)
   defining Unicode char U+013B (decimal 315)
   defining Unicode char U+013C (decimal 316)
   defining Unicode char U+013D (decimal 317)
   defining Unicode char U+013E (decimal 318)
   defining Unicode char U+0141 (decimal 321)
   defining Unicode char U+0142 (decimal 322)
   defining Unicode char U+0143 (decimal 323)
   defining Unicode char U+0144 (decimal 324)
   defining Unicode char U+0145 (decimal 325)
   defining Unicode char U+0146 (decimal 326)
   defining Unicode char U+0147 (decimal 327)
   defining Unicode char U+0148 (decimal 328)
   defining Unicode char U+014A (decimal 330)
   defining Unicode char U+014B (decimal 331)
   defining Unicode char U+014C (decimal 332)
   defining Unicode char U+014D (decimal 333)
   defining Unicode char U+014E (decimal 334)
   defining Unicode char U+014F (decimal 335)
   defining Unicode char U+0150 (decimal 336)
   defining Unicode char U+0151 (decimal 337)
   defining Unicode char U+0152 (decimal 338)
   defining Unicode char U+0153 (decimal 339)
   defining Unicode char U+0154 (decimal 340)
   defining Unicode char U+0155 (decimal 341)
   defining Unicode char U+0156 (decimal 342)
   defining Unicode char U+0157 (decimal 343)
   defining Unicode char U+0158 (decimal 344)
   defining Unicode char U+0159 (decimal 345)
   defining Unicode char U+015A (decimal 346)
   defining Unicode char U+015B (decimal 347)
   defining Unicode char U+015C (decimal 348)
   defining Unicode char U+015D (decimal 349)
   defining Unicode char U+015E (decimal 350)
   defining Unicode char U+015F (decimal 351)
   defining Unicode char U+0160 (decimal 352)
   defining Unicode char U+0161 (decimal 353)
   defining Unicode char U+0162 (decimal 354)
   defining Unicode char U+0163 (decimal 355)
   defining Unicode char U+0164 (decimal 356)
   defining Unicode char U+0165 (decimal 357)
   defining Unicode char U+0168 (decimal 360)
   defining Unicode char U+0169 (decimal 361)
   defining Unicode char U+016A (decimal 362)
   defining Unicode char U+016B (decimal 363)
   defining Unicode char U+016C (decimal 364)
   defining Unicode char U+016D (decimal 365)
   defining Unicode char U+016E (decimal 366)
   defining Unicode char U+016F (decimal 367)
   defining Unicode char U+0170 (decimal 368)
   defining Unicode char U+0171 (decimal 369)
   defining Unicode char U+0172 (decimal 370)
   defining Unicode char U+0173 (decimal 371)
   defining Unicode char U+0174 (decimal 372)
   defining Unicode char U+0175 (decimal 373)
   defining Unicode char U+0176 (decimal 374)
   defining Unicode char U+0177 (decimal 375)
   defining Unicode char U+0178 (decimal 376)
   defining Unicode char U+0179 (decimal 377)
   defining Unicode char U+017A (decimal 378)
   defining Unicode char U+017B (decimal 379)
   defining Unicode char U+017C (decimal 380)
   defining Unicode char U+017D (decimal 381)
   defining Unicode char U+017E (decimal 382)
   defining Unicode char U+01CD (decimal 461)
   defining Unicode char U+01CE (decimal 462)
   defining Unicode char U+01CF (decimal 463)
   defining Unicode char U+01D0 (decimal 464)
   defining Unicode char U+01D1 (decimal 465)
   defining Unicode char U+01D2 (decimal 466)
   defining Unicode char U+01D3 (decimal 467)
   defining Unicode char U+01D4 (decimal 468)
   defining Unicode char U+01E2 (decimal 482)
   defining Unicode char U+01E3 (decimal 483)
   defining Unicode char U+01E6 (decimal 486)
   defining Unicode char U+01E7 (decimal 487)
   defining Unicode char U+01E8 (decimal 488)
   defining Unicode char U+01E9 (decimal 489)
   defining Unicode char U+01EA (decimal 490)
   defining Unicode char U+01EB (decimal 491)
   defining Unicode char U+01F0 (decimal 496)
   defining Unicode char U+01F4 (decimal 500)
   defining Unicode char U+01F5 (decimal 501)
   defining Unicode char U+0218 (decimal 536)
   defining Unicode char U+0219 (decimal 537)
   defining Unicode char U+021A (decimal 538)
   defining Unicode char U+021B (decimal 539)
   defining Unicode char U+0232 (decimal 562)
   defining Unicode char U+0233 (decimal 563)
   defining Unicode char U+1E02 (decimal 7682)
   defining Unicode char U+1E03 (decimal 7683)
   defining Unicode char U+200C (decimal 8204)
   defining Unicode char U+2010 (decimal 8208)
   defining Unicode char U+2011 (decimal 8209)
   defining Unicode char U+2012 (decimal 8210)
   defining Unicode char U+2013 (decimal 8211)
   defining Unicode char U+2014 (decimal 8212)
   defining Unicode char U+2015 (decimal 8213)
   defining Unicode char U+2018 (decimal 8216)
   defining Unicode char U+2019 (decimal 8217)
   defining Unicode char U+201A (decimal 8218)
   defining Unicode char U+201C (decimal 8220)
   defining Unicode char U+201D (decimal 8221)
   defining Unicode char U+201E (decimal 8222)
   defining Unicode char U+2030 (decimal 8240)
   defining Unicode char U+2031 (decimal 8241)
   defining Unicode char U+2039 (decimal 8249)
   defining Unicode char U+203A (decimal 8250)
   defining Unicode char U+2423 (decimal 9251)
   defining Unicode char U+1E20 (decimal 7712)
   defining Unicode char U+1E21 (decimal 7713)
)
Now handling font encoding OT1 ...
... processing UTF-8 mapping file for font encoding OT1

(/usr/local/texlive/2017/texmf-dist/tex/latex/base/ot1enc.dfu
File: ot1enc.dfu 2017/01/28 v1.1t UTF-8 support for inputenc
   defining Unicode char U+00A0 (decimal 160)
   defining Unicode char U+00A1 (decimal 161)
   defining Unicode char U+00A3 (decimal 163)
   defining Unicode char U+00AD (decimal 173)
   defining Unicode char U+00B8 (decimal 184)
   defining Unicode char U+00BF (decimal 191)
   defining Unicode char U+00C5 (decimal 197)
   defining Unicode char U+00C6 (decimal 198)
   defining Unicode char U+00D8 (decimal 216)
   defining Unicode char U+00DF (decimal 223)
   defining Unicode char U+00E6 (decimal 230)
   defining Unicode char U+00EC (decimal 236)
   defining Unicode char U+00ED (decimal 237)
   defining Unicode char U+00EE (decimal 238)
   defining Unicode char U+00EF (decimal 239)
   defining Unicode char U+00F8 (decimal 248)
   defining Unicode char U+0131 (decimal 305)
   defining Unicode char U+0141 (decimal 321)
   defining Unicode char U+0142 (decimal 322)
   defining Unicode char U+0152 (decimal 338)
   defining Unicode char U+0153 (decimal 339)
   defining Unicode char U+0174 (decimal 372)
   defining Unicode char U+0175 (decimal 373)
   defining Unicode char U+0176 (decimal 374)
   defining Unicode char U+0177 (decimal 375)
   defining Unicode char U+0218 (decimal 536)
   defining Unicode char U+0219 (decimal 537)
   defining Unicode char U+021A (decimal 538)
   defining Unicode char U+021B (decimal 539)
   defining Unicode char U+2013 (decimal 8211)
   defining Unicode char U+2014 (decimal 8212)
   defining Unicode char U+2018 (decimal 8216)
   defining Unicode char U+2019 (decimal 8217)
   defining Unicode char U+201C (decimal 8220)
   defining Unicode char U+201D (decimal 8221)
)
Now handling font encoding OMS ...
... processing UTF-8 mapping file for font encoding OMS

(/usr/local/texlive/2017/texmf-dist/tex/latex/base/omsenc.dfu
File: omsenc.dfu 2017/01/28 v1.1t UTF-8 support for inputenc
   defining Unicode char U+00A7 (decimal 167)
   defining Unicode char U+00B6 (decimal 182)
   defining Unicode char U+00B7 (decimal 183)
   defining Unicode char U+2020 (decimal 8224)
   defining Unicode char U+2021 (decimal 8225)
   defining Unicode char U+2022 (decimal 8226)
)
Now handling font encoding OMX ...
... no UTF-8 mapping file for font encoding OMX
Now handling font encoding U ...
... no UTF-8 mapping file for font encoding U
Now handling font encoding PD1 ...
... no UTF-8 mapping file for font encoding PD1
   defining Unicode char U+00A9 (decimal 169)
   defining Unicode char U+00AA (decimal 170)
   defining Unicode char U+00AE (decimal 174)
   defining Unicode char U+00BA (decimal 186)
   defining Unicode char U+02C6 (decimal 710)
   defining Unicode char U+02DC (decimal 732)
   defining Unicode char U+200C (decimal 8204)
   defining Unicode char U+2026 (decimal 8230)
   defining Unicode char U+2122 (decimal 8482)
   defining Unicode char U+2423 (decimal 9251)
))
(/usr/local/texlive/2017/texmf-dist/tex/latex/caption/caption.sty
Package: caption 2016/02/21 v3.3-144 Customizing captions (AR)

(/usr/local/texlive/2017/texmf-dist/tex/latex/caption/caption3.sty
Package: caption3 2016/05/22 v1.7-166 caption3 kernel (AR)
Package caption3 Info: TeX engine: e-TeX on input line 67.
\captionmargin=\dimen189
\captionmargin@=\dimen190
\captionwidth=\dimen191
\caption@tempdima=\dimen192
\caption@indent=\dimen193
\caption@parindent=\dimen194
\caption@hangindent=\dimen195
)
\c@ContinuedFloat=\count156
Package caption Info: beamer document class.
Package caption Info: hyperref package is loaded.
Package caption Info: Hyperref support is turned off
(caption)             because hyperref has stopped early.
)
(/usr/local/texlive/2017/texmf-dist/tex/latex/caption/subcaption.sty
Package: subcaption 2016/05/22 v1.1-161 Sub-captions (AR)
\c@subfigure=\count157
\c@subtable=\count158
)
(/usr/local/texlive/2017/texmf-dist/tex/latex/pdfpages/pdfpages.sty
Package: pdfpages 2017/01/14 v0.5h Insert pages of external PDF documents (AM)

(/usr/local/texlive/2017/texmf-dist/tex/latex/base/ifthen.sty
Package: ifthen 2014/09/29 v1.1c Standard LaTeX ifthen package (DPC)
)
(/usr/local/texlive/2017/texmf-dist/tex/latex/tools/calc.sty
Package: calc 2014/10/28 v4.3 Infix arithmetic (KKT,FJ)
\calc@Acount=\count159
\calc@Bcount=\count160
\calc@Adimen=\dimen196
\calc@Bdimen=\dimen197
\calc@Askip=\skip57
\calc@Bskip=\skip58
LaTeX Info: Redefining \setlength on input line 80.
LaTeX Info: Redefining \addtolength on input line 81.
\calc@Ccount=\count161
\calc@Cskip=\skip59
)
(/usr/local/texlive/2017/texmf-dist/tex/latex/eso-pic/eso-pic.sty
Package: eso-pic 2015/07/21 v2.0g eso-pic (RN)
)
\AM@pagewidth=\dimen198
\AM@pageheight=\dimen199

(/usr/local/texlive/2017/texmf-dist/tex/latex/pdfpages/pppdftex.def
File: pppdftex.def 2017/01/14 v0.5h Pdfpages driver for pdfTeX (AM)
)
\AM@pagebox=\box53
\AM@global@opts=\toks46
\AM@toc@title=\toks47
\c@AM@survey=\count162
\AM@templatesizebox=\box54
)
(/usr/local/texlive/2017/texmf-dist/tex/latex/float/float.sty
Package: float 2001/11/08 v1.3d Float enhancements (AL)
\c@float@type=\count163
\float@exts=\toks48
\float@box=\box55
\@float@everytoks=\toks49
\@floatcapt=\box56
)
(/usr/local/texlive/2017/texmf-dist/tex/latex/paralist/paralist.sty
Package: paralist 2017/01/22 v2.7 Extended list environments
\pltopsep=\skip60
\plpartopsep=\skip61
\plitemsep=\skip62
\plparsep=\skip63
\pl@lab=\toks50
)
(/usr/local/texlive/2017/texmf-dist/tex/latex/underscore/underscore.sty
Package: underscore 2006/09/13
LaTeX Info: Redefining \_ on input line 42.
)
(/usr/local/texlive/2017/texmf-dist/tex/latex/pgf/frontendlayer/tikz.sty
(/usr/local/texlive/2017/texmf-dist/tex/latex/pgf/basiclayer/pgf.sty
Package: pgf 2015/08/07 v3.0.1a (rcs-revision 1.15)

(/usr/local/texlive/2017/texmf-dist/tex/generic/pgf/modules/pgfmoduleshapes.cod
e.tex
File: pgfmoduleshapes.code.tex 2014/03/21  (rcs-revision 1.35)
\pgfnodeparttextbox=\box57
)
(/usr/local/texlive/2017/texmf-dist/tex/generic/pgf/modules/pgfmoduleplot.code.
tex
File: pgfmoduleplot.code.tex 2015/08/03  (rcs-revision 1.13)
)
(/usr/local/texlive/2017/texmf-dist/tex/latex/pgf/compatibility/pgfcomp-version
-0-65.sty
Package: pgfcomp-version-0-65 2007/07/03 v3.0.1a (rcs-revision 1.7)
\pgf@nodesepstart=\dimen256
\pgf@nodesepend=\dimen257
)
(/usr/local/texlive/2017/texmf-dist/tex/latex/pgf/compatibility/pgfcomp-version
-1-18.sty
Package: pgfcomp-version-1-18 2007/07/23 v3.0.1a (rcs-revision 1.1)
))
(/usr/local/texlive/2017/texmf-dist/tex/latex/pgf/utilities/pgffor.sty
(/usr/local/texlive/2017/texmf-dist/tex/latex/pgf/utilities/pgfkeys.sty
(/usr/local/texlive/2017/texmf-dist/tex/generic/pgf/utilities/pgfkeys.code.tex)
) (/usr/local/texlive/2017/texmf-dist/tex/latex/pgf/math/pgfmath.sty
(/usr/local/texlive/2017/texmf-dist/tex/generic/pgf/math/pgfmath.code.tex))
(/usr/local/texlive/2017/texmf-dist/tex/generic/pgf/utilities/pgffor.code.tex
Package: pgffor 2013/12/13 v3.0.1a (rcs-revision 1.25)

(/usr/local/texlive/2017/texmf-dist/tex/generic/pgf/math/pgfmath.code.tex)
\pgffor@iter=\dimen258
\pgffor@skip=\dimen259
\pgffor@stack=\toks51
\pgffor@toks=\toks52
))
(/usr/local/texlive/2017/texmf-dist/tex/generic/pgf/frontendlayer/tikz/tikz.cod
e.tex
Package: tikz 2015/08/07 v3.0.1a (rcs-revision 1.151)

(/usr/local/texlive/2017/texmf-dist/tex/generic/pgf/libraries/pgflibraryplothan
dlers.code.tex
File: pgflibraryplothandlers.code.tex 2013/08/31 v3.0.1a (rcs-revision 1.20)
\pgf@plot@mark@count=\count164
\pgfplotmarksize=\dimen260
)
\tikz@lastx=\dimen261
\tikz@lasty=\dimen262
\tikz@lastxsaved=\dimen263
\tikz@lastysaved=\dimen264
\tikzleveldistance=\dimen265
\tikzsiblingdistance=\dimen266
\tikz@figbox=\box58
\tikz@figbox@bg=\box59
\tikz@tempbox=\box60
\tikz@tempbox@bg=\box61
\tikztreelevel=\count165
\tikznumberofchildren=\count166
\tikznumberofcurrentchild=\count167
\tikz@fig@count=\count168

(/usr/local/texlive/2017/texmf-dist/tex/generic/pgf/modules/pgfmodulematrix.cod
e.tex
File: pgfmodulematrix.code.tex 2013/09/17  (rcs-revision 1.8)
\pgfmatrixcurrentrow=\count169
\pgfmatrixcurrentcolumn=\count170
\pgf@matrix@numberofcolumns=\count171
)
\tikz@expandcount=\count172

(/usr/local/texlive/2017/texmf-dist/tex/generic/pgf/frontendlayer/tikz/librarie
s/tikzlibrarytopaths.code.tex
File: tikzlibrarytopaths.code.tex 2008/06/17 v3.0.1a (rcs-revision 1.2)
)))
(/usr/local/texlive/2017/texmf-dist/tex/generic/pgf/frontendlayer/tikz/librarie
s/tikzlibrarybabel.code.tex
File: tikzlibrarybabel.code.tex 2013/06/24 v3.0.1a (rcs-revision 1.1)
)
(/usr/local/texlive/2017/texmf-dist/tex/latex/pgfplots/pgfplots.sty
(/usr/local/texlive/2017/texmf-dist/tex/generic/pgfplots/pgfplots.revision.tex)
Package: pgfplots 2016/08/10 v1.14 Data Visualization (1.14)
(/usr/local/texlive/2017/texmf-dist/tex/generic/pgfplots/pgfplots.code.tex
(/usr/local/texlive/2017/texmf-dist/tex/generic/pgfplots/pgfplotscore.code.tex
\t@pgfplots@toka=\toks53
\t@pgfplots@tokb=\toks54
\t@pgfplots@tokc=\toks55
\pgfplots@tmpa=\dimen267
\c@pgfplots@coordindex=\count173
\c@pgfplots@scanlineindex=\count174

(/usr/local/texlive/2017/texmf-dist/tex/generic/pgfplots/sys/pgfplotssysgeneric
.code.tex))
(/usr/local/texlive/2017/texmf-dist/tex/generic/pgfplots/libs/pgfplotslibrary.c
ode.tex)
(/usr/local/texlive/2017/texmf-dist/tex/generic/pgfplots/oldpgfcompatib/pgfplot
soldpgfsupp_loader.code.tex
(/usr/local/texlive/2017/texmf-dist/tex/generic/pgf/libraries/pgflibraryfpu.cod
e.tex)
Package pgfplots: loading complementary arithmetics for your pgf version...

(/usr/local/texlive/2017/texmf-dist/tex/generic/pgfplots/oldpgfcompatib/pgfplot
soldpgfsupp_pgflibraryfpu.code.tex)
(/usr/local/texlive/2017/texmf-dist/tex/generic/pgfplots/oldpgfcompatib/pgfplot
soldpgfsupp_pgfmathfloat.code.tex
\c@pgfmathroundto@lastzeros=\count175
))
(/usr/local/texlive/2017/texmf-dist/tex/generic/pgfplots/util/pgfplotsutil.code
.tex
(/usr/local/texlive/2017/texmf-dist/tex/generic/pgfplots/liststructure/pgfplots
liststructure.code.tex)
(/usr/local/texlive/2017/texmf-dist/tex/generic/pgfplots/liststructure/pgfplots
liststructureext.code.tex)
(/usr/local/texlive/2017/texmf-dist/tex/generic/pgfplots/liststructure/pgfplots
array.code.tex
\c@pgfplotsarray@tmp=\count176
)
(/usr/local/texlive/2017/texmf-dist/tex/generic/pgfplots/liststructure/pgfplots
matrix.code.tex)
(/usr/local/texlive/2017/texmf-dist/tex/generic/pgfplots/numtable/pgfplotstable
shared.code.tex
\c@pgfplotstable@counta=\count177
\t@pgfplotstable@a=\toks56
)
(/usr/local/texlive/2017/texmf-dist/tex/generic/pgfplots/liststructure/pgfplots
deque.code.tex)
(/usr/local/texlive/2017/texmf-dist/tex/generic/pgfplots/util/pgfplotsbinary.co
de.tex
(/usr/local/texlive/2017/texmf-dist/tex/generic/pgfplots/util/pgfplotsbinary.da
ta.code.tex))
(/usr/local/texlive/2017/texmf-dist/tex/generic/pgfplots/util/pgfplotsutil.verb
.code.tex)
(/usr/local/texlive/2017/texmf-dist/tex/generic/pgfplots/libs/pgflibrarypgfplot
s.surfshading.code.tex
\c@pgfplotslibrarysurf@no=\count178

(/usr/local/texlive/2017/texmf-dist/tex/generic/pgfplots/sys/pgflibrarypgfplots
.surfshading.pgfsys-pdftex.def)))
(/usr/local/texlive/2017/texmf-dist/tex/generic/pgfplots/util/pgfplotscolormap.
code.tex
(/usr/local/texlive/2017/texmf-dist/tex/generic/pgfplots/util/pgfplotscolor.cod
e.tex))
(/usr/local/texlive/2017/texmf-dist/tex/generic/pgfplots/pgfplotsstackedplots.c
ode.tex)
(/usr/local/texlive/2017/texmf-dist/tex/generic/pgfplots/pgfplotsplothandlers.c
ode.tex
(/usr/local/texlive/2017/texmf-dist/tex/generic/pgfplots/pgfplotsmeshplothandle
r.code.tex
(/usr/local/texlive/2017/texmf-dist/tex/generic/pgfplots/pgfplotsmeshplotimage.
code.tex)))
(/usr/local/texlive/2017/texmf-dist/tex/generic/pgfplots/pgfplots.scaling.code.
tex)
(/usr/local/texlive/2017/texmf-dist/tex/generic/pgfplots/pgfplotscoordprocessin
g.code.tex)
(/usr/local/texlive/2017/texmf-dist/tex/generic/pgfplots/pgfplots.errorbars.cod
e.tex)
(/usr/local/texlive/2017/texmf-dist/tex/generic/pgfplots/pgfplots.markers.code.
tex)
(/usr/local/texlive/2017/texmf-dist/tex/generic/pgfplots/pgfplotsticks.code.tex
)
(/usr/local/texlive/2017/texmf-dist/tex/generic/pgfplots/pgfplots.paths.code.te
x)
(/usr/local/texlive/2017/texmf-dist/tex/generic/pgf/frontendlayer/tikz/librarie
s/tikzlibrarydecorations.code.tex
(/usr/local/texlive/2017/texmf-dist/tex/generic/pgf/modules/pgfmoduledecoration
s.code.tex
\pgfdecoratedcompleteddistance=\dimen268
\pgfdecoratedremainingdistance=\dimen269
\pgfdecoratedinputsegmentcompleteddistance=\dimen270
\pgfdecoratedinputsegmentremainingdistance=\dimen271
\pgf@decorate@distancetomove=\dimen272
\pgf@decorate@repeatstate=\count179
\pgfdecorationsegmentamplitude=\dimen273
\pgfdecorationsegmentlength=\dimen274
)
\tikz@lib@dec@box=\box62
)
(/usr/local/texlive/2017/texmf-dist/tex/generic/pgf/frontendlayer/tikz/librarie
s/tikzlibrarydecorations.pathmorphing.code.tex
(/usr/local/texlive/2017/texmf-dist/tex/generic/pgf/libraries/decorations/pgfli
brarydecorations.pathmorphing.code.tex))
(/usr/local/texlive/2017/texmf-dist/tex/generic/pgf/frontendlayer/tikz/librarie
s/tikzlibrarydecorations.pathreplacing.code.tex
(/usr/local/texlive/2017/texmf-dist/tex/generic/pgf/libraries/decorations/pgfli
brarydecorations.pathreplacing.code.tex))
\pgfplots@numplots=\count180
\pgfplots@xmin@reg=\dimen275
\pgfplots@xmax@reg=\dimen276
\pgfplots@ymin@reg=\dimen277
\pgfplots@ymax@reg=\dimen278
\pgfplots@zmin@reg=\dimen279
\pgfplots@zmax@reg=\dimen280
)
(/usr/local/texlive/2017/texmf-dist/tex/generic/pgf/frontendlayer/tikz/librarie
s/tikzlibraryplotmarks.code.tex
File: tikzlibraryplotmarks.code.tex 2008/01/09 v3.0.1a (rcs-revision 1.1)

(/usr/local/texlive/2017/texmf-dist/tex/generic/pgf/libraries/pgflibraryplotmar
ks.code.tex
File: pgflibraryplotmarks.code.tex 2015/08/03 v3.0.1a (rcs-revision 1.14)
))) (./presentacion.aux
LaTeX Info: Redefining \. on input line 24.
LaTeX Info: Redefining \% on input line 24.


LaTeX Warning: Label `fig:muestras_celdas' multiply defined.


LaTeX Warning: Label `fig:muestras_aleat' multiply defined.


LaTeX Warning: Label `fig:muestras_ruido' multiply defined.


LaTeX Warning: Label `fig:muestras_ruido' multiply defined.

)
\openout1 = `presentacion.aux'.

LaTeX Font Info:    Checking defaults for OML/cmm/m/it on input line 28.
LaTeX Font Info:    ... okay on input line 28.
LaTeX Font Info:    Checking defaults for T1/cmr/m/n on input line 28.
LaTeX Font Info:    ... okay on input line 28.
LaTeX Font Info:    Checking defaults for OT1/cmr/m/n on input line 28.
LaTeX Font Info:    ... okay on input line 28.
LaTeX Font Info:    Checking defaults for OMS/cmsy/m/n on input line 28.
LaTeX Font Info:    ... okay on input line 28.
LaTeX Font Info:    Checking defaults for OMX/cmex/m/n on input line 28.
LaTeX Font Info:    ... okay on input line 28.
LaTeX Font Info:    Checking defaults for U/cmr/m/n on input line 28.
LaTeX Font Info:    ... okay on input line 28.
LaTeX Font Info:    Checking defaults for PD1/pdf/m/n on input line 28.
LaTeX Font Info:    ... okay on input line 28.

*geometry* driver: auto-detecting
*geometry* detected driver: pdftex
*geometry* verbose mode - [ preamble ] result:
* driver: pdftex
* paper: custom
* layout: <same size as paper>
* layoutoffset:(h,v)=(0.0pt,0.0pt)
* modes: includehead includefoot 
* h-part:(L,W,R)=(28.45274pt, 307.28987pt, 28.45274pt)
* v-part:(T,H,B)=(0.0pt, 273.14662pt, 0.0pt)
* \paperwidth=364.19536pt
* \paperheight=273.14662pt
* \textwidth=307.28987pt
* \textheight=244.6939pt
* \oddsidemargin=-43.81725pt
* \evensidemargin=-43.81725pt
* \topmargin=-72.26999pt
* \headheight=14.22636pt
* \headsep=0.0pt
* \topskip=11.0pt
* \footskip=14.22636pt
* \marginparwidth=4.0pt
* \marginparsep=10.0pt
* \columnsep=10.0pt
* \skip\footins=10.0pt plus 4.0pt minus 2.0pt
* \hoffset=0.0pt
* \voffset=0.0pt
* \mag=1000
* \@twocolumnfalse
* \@twosidefalse
* \@mparswitchfalse
* \@reversemarginfalse
* (1in=72.27pt=25.4mm, 1cm=28.453pt)

(/usr/local/texlive/2017/texmf-dist/tex/context/base/mkii/supp-pdf.mkii
[Loading MPS to PDF converter (version 2006.09.02).]
\scratchcounter=\count181
\scratchdimen=\dimen281
\scratchbox=\box63
\nofMPsegments=\count182
\nofMParguments=\count183
\everyMPshowfont=\toks57
\MPscratchCnt=\count184
\MPscratchDim=\dimen282
\MPnumerator=\count185
\makeMPintoPDFobject=\count186
\everyMPtoPDFconversion=\toks58
) (/usr/local/texlive/2017/texmf-dist/tex/latex/oberdiek/epstopdf-base.sty
Package: epstopdf-base 2016/05/15 v2.6 Base part for package epstopdf

(/usr/local/texlive/2017/texmf-dist/tex/latex/oberdiek/grfext.sty
Package: grfext 2016/05/16 v1.2 Manage graphics extensions (HO)
)
Package epstopdf-base Info: Redefining graphics rule for `.eps' on input line 4
38.
Package grfext Info: Graphics extension search list:
(grfext)             [.png,.pdf,.jpg,.mps,.jpeg,.jbig2,.jb2,.PNG,.PDF,.JPG,.JPE
G,.JBIG2,.JB2,.eps]
(grfext)             \AppendGraphicsExtensions on input line 456.

(/usr/local/texlive/2017/texmf-dist/tex/latex/latexconfig/epstopdf-sys.cfg
File: epstopdf-sys.cfg 2010/07/13 v1.3 Configuration of (r)epstopdf for TeX Liv
e
))
ABD: EveryShipout initializing macros
\AtBeginShipoutBox=\box64
Package hyperref Info: Link coloring OFF on input line 28.

(/usr/local/texlive/2017/texmf-dist/tex/latex/hyperref/nameref.sty
Package: nameref 2016/05/21 v2.44 Cross-referencing by name of section

(/usr/local/texlive/2017/texmf-dist/tex/generic/oberdiek/gettitlestring.sty
Package: gettitlestring 2016/05/16 v1.5 Cleanup title references (HO)
)
\c@section@level=\count187
)
LaTeX Info: Redefining \ref on input line 28.
LaTeX Info: Redefining \pageref on input line 28.
LaTeX Info: Redefining \nameref on input line 28.

(./presentacion.out) (./presentacion.out)
\@outlinefile=\write5
\openout5 = `presentacion.out'.

LaTeX Font Info:    Overwriting symbol font `operators' in version `normal'
(Font)                  OT1/cmr/m/n --> OT1/cmss/m/n on input line 28.
LaTeX Font Info:    Overwriting symbol font `operators' in version `bold'
(Font)                  OT1/cmr/bx/n --> OT1/cmss/bx/n on input line 28.
\symnumbers=\mathgroup6
\sympureletters=\mathgroup7
LaTeX Font Info:    Overwriting math alphabet `\mathrm' in version `normal'
(Font)                  OT1/cmss/m/n --> OT1/cmr/m/n on input line 28.
LaTeX Font Info:    Redeclaring math alphabet \mathbf on input line 28.
LaTeX Font Info:    Overwriting math alphabet `\mathbf' in version `normal'
(Font)                  OT1/cmr/bx/n --> OT1/cmss/bx/n on input line 28.
LaTeX Font Info:    Overwriting math alphabet `\mathbf' in version `bold'
(Font)                  OT1/cmr/bx/n --> OT1/cmss/bx/n on input line 28.
LaTeX Font Info:    Redeclaring math alphabet \mathsf on input line 28.
LaTeX Font Info:    Overwriting math alphabet `\mathsf' in version `normal'
(Font)                  OT1/cmss/m/n --> OT1/cmss/m/n on input line 28.
LaTeX Font Info:    Overwriting math alphabet `\mathsf' in version `bold'
(Font)                  OT1/cmss/bx/n --> OT1/cmss/m/n on input line 28.
LaTeX Font Info:    Redeclaring math alphabet \mathit on input line 28.
LaTeX Font Info:    Overwriting math alphabet `\mathit' in version `normal'
(Font)                  OT1/cmr/m/it --> OT1/cmss/m/it on input line 28.
LaTeX Font Info:    Overwriting math alphabet `\mathit' in version `bold'
(Font)                  OT1/cmr/bx/it --> OT1/cmss/m/it on input line 28.
LaTeX Font Info:    Redeclaring math alphabet \mathtt on input line 28.
LaTeX Font Info:    Overwriting math alphabet `\mathtt' in version `normal'
(Font)                  OT1/cmtt/m/n --> OT1/cmtt/m/n on input line 28.
LaTeX Font Info:    Overwriting math alphabet `\mathtt' in version `bold'
(Font)                  OT1/cmtt/m/n --> OT1/cmtt/m/n on input line 28.
LaTeX Font Info:    Overwriting symbol font `numbers' in version `bold'
(Font)                  OT1/cmss/m/n --> OT1/cmss/bx/n on input line 28.
LaTeX Font Info:    Overwriting symbol font `pureletters' in version `bold'
(Font)                  OT1/cmss/m/it --> OT1/cmss/bx/it on input line 28.
LaTeX Font Info:    Overwriting math alphabet `\mathrm' in version `bold'
(Font)                  OT1/cmss/bx/n --> OT1/cmr/bx/n on input line 28.
LaTeX Font Info:    Overwriting math alphabet `\mathbf' in version `bold'
(Font)                  OT1/cmss/bx/n --> OT1/cmss/bx/n on input line 28.
LaTeX Font Info:    Overwriting math alphabet `\mathsf' in version `bold'
(Font)                  OT1/cmss/m/n --> OT1/cmss/bx/n on input line 28.
LaTeX Font Info:    Overwriting math alphabet `\mathit' in version `bold'
(Font)                  OT1/cmss/m/it --> OT1/cmss/bx/it on input line 28.
LaTeX Font Info:    Overwriting math alphabet `\mathtt' in version `bold'
(Font)                  OT1/cmtt/m/n --> OT1/cmtt/bx/n on input line 28.
LaTeX Font Info:    Redeclaring symbol font `pureletters' on input line 28.
LaTeX Font Info:    Overwriting symbol font `pureletters' in version `normal'
(Font)                  OT1/cmss/m/it --> OT1/mathkerncmss/m/sl on input line 2
8.
LaTeX Font Info:    Overwriting symbol font `pureletters' in version `bold'
(Font)                  OT1/cmss/bx/it --> OT1/mathkerncmss/m/sl on input line 
28.
LaTeX Font Info:    Overwriting symbol font `pureletters' in version `bold'
(Font)                  OT1/mathkerncmss/m/sl --> OT1/mathkerncmss/bx/sl on inp
ut line 28.

(/usr/local/texlive/2017/texmf-dist/tex/latex/beamer/translator/dicts/translato
r-basic-dictionary/translator-basic-dictionary-English.dict
Dictionary: translator-basic-dictionary, Language: English 
)
(/usr/local/texlive/2017/texmf-dist/tex/latex/beamer/translator/dicts/translato
r-bibliography-dictionary/translator-bibliography-dictionary-English.dict
Dictionary: translator-bibliography-dictionary, Language: English 
)
(/usr/local/texlive/2017/texmf-dist/tex/latex/beamer/translator/dicts/translato
r-environment-dictionary/translator-environment-dictionary-English.dict
Dictionary: translator-environment-dictionary, Language: English 
)
(/usr/local/texlive/2017/texmf-dist/tex/latex/beamer/translator/dicts/translato
r-months-dictionary/translator-months-dictionary-English.dict
Dictionary: translator-months-dictionary, Language: English 
)
(/usr/local/texlive/2017/texmf-dist/tex/latex/beamer/translator/dicts/translato
r-numbers-dictionary/translator-numbers-dictionary-English.dict
Dictionary: translator-numbers-dictionary, Language: English 
)
(/usr/local/texlive/2017/texmf-dist/tex/latex/beamer/translator/dicts/translato
r-theorem-dictionary/translator-theorem-dictionary-English.dict
Dictionary: translator-theorem-dictionary, Language: English 
)
LaTeX Info: Redefining \includegraphics on input line 28.
LaTeX Info: Redefining \. on input line 28.
LaTeX Info: Redefining \% on input line 28.
Package caption Info: Begin \AtBeginDocument code.
Package caption Info: float package is loaded.
Package caption Info: End \AtBeginDocument code.

(/usr/local/texlive/2017/texmf-dist/tex/latex/oberdiek/pdflscape.sty
Package: pdflscape 2016/05/14 v0.11 Display of landscape pages in PDF (HO)

(/usr/local/texlive/2017/texmf-dist/tex/latex/graphics/lscape.sty
Package: lscape 2000/10/22 v3.01 Landscape Pages (DPC)
)
Package pdflscape Info: Auto-detected driver: pdftex on input line 81.
)

Package pgfplots Warning: running in backwards compatibility mode (unsuitable t
ick labels; missing features). Consider writing \pgfplotsset{compat=1.14} into 
your preamble.
 on input line 28.

(./presentacion.nav)

LaTeX Font Warning: Font shape `OT1/cmss/m/n' in size <4> not available
(Font)              size <5> substituted on input line 30.

[1

{/usr/local/texlive/2017/texmf-var/fonts/map/pdftex/updmap/pdftex.map}]
LaTeX Font Info:    Try loading font information for U+msa on input line 52.

(/usr/local/texlive/2017/texmf-dist/tex/latex/amsfonts/umsa.fd
File: umsa.fd 2013/01/14 v3.01 AMS symbols A
)
LaTeX Font Info:    Try loading font information for U+msb on input line 52.

(/usr/local/texlive/2017/texmf-dist/tex/latex/amsfonts/umsb.fd
File: umsb.fd 2013/01/14 v3.01 AMS symbols B
)
LaTeX Font Info:    Try loading font information for OT1+mathkerncmss on input 
line 52.

(/usr/local/texlive/2017/texmf-dist/tex/latex/sansmathaccent/ot1mathkerncmss.fd
File: ot1mathkerncmss.fd 2013/03/27 Fontinst v1.933 font definitions for OT1/ma
thkerncmss.
) [2

] [3

] [4

] [5

] [6

] [7

] [8

] [9

] [10

] [11

] [12

] [13

] [14

] [15

] [16

] [17

]
[18

] [19

] [20

] [21

] [22

] [23

] [24

] [25

] [26

] [27

] [28

] [29

] [30

] [31

] [32

]
[33

] <tomo2.png, id=867, 547.2947pt x 413.29407pt>
File: tomo2.png Graphic file (type png)
 <use tomo2.png>
Package pdftex.def Info: tomo2.png used on input line 269.
(pdftex.def)             Requested size: 122.9164pt x 92.81688pt.

<tomo3.png, id=869, 453.19313pt x 340.27126pt>
File: tomo3.png Graphic file (type png)
 <use tomo3.png>
Package pdftex.def Info: tomo3.png used on input line 269.
(pdftex.def)             Requested size: 122.9164pt x 92.28983pt.
 [34

 <./tomo2.png> <./tomo3.png>] [35

] [36

]
<celdas/tomo2-10-0.png, id=956, 41.4047pt x 41.4047pt>
File: celdas/tomo2-10-0.png Graphic file (type png)

<use celdas/tomo2-10-0.png>
Package pdftex.def Info: celdas/tomo2-10-0.png used on input line 442.
(pdftex.def)             Requested size: 73.74918pt x 73.75946pt.

<celdas/tomo2-13-0.png, id=957, 32.37094pt x 32.37094pt>
File: celdas/tomo2-13-0.png Graphic file (type png)

<use celdas/tomo2-13-0.png>
Package pdftex.def Info: celdas/tomo2-13-0.png used on input line 442.
(pdftex.def)             Requested size: 73.74918pt x 73.75708pt.

<celdas/tomo2-17-0.png, id=958, 24.84282pt x 24.84282pt>
File: celdas/tomo2-17-0.png Graphic file (type png)

<use celdas/tomo2-17-0.png>
Package pdftex.def Info: celdas/tomo2-17-0.png used on input line 442.
(pdftex.def)             Requested size: 73.74918pt x 73.76932pt.

<celdas/tomo2-20-0.png, id=959, 21.07875pt x 21.07875pt>
File: celdas/tomo2-20-0.png Graphic file (type png)

<use celdas/tomo2-20-0.png>
Package pdftex.def Info: celdas/tomo2-20-0.png used on input line 442.
(pdftex.def)             Requested size: 73.74918pt x 73.75092pt.
 [37

 <./celdas/tomo2-10-0.png> <./celdas/tomo2-13-0.png> <./celdas/tomo2-17-0.png> 
<./celdas/tomo2-20-0.png>]
<celdas/tomo3-10-0.png, id=987, 34.62938pt x 34.62938pt>
File: celdas/tomo3-10-0.png Graphic file (type png)

<use celdas/tomo3-10-0.png>
Package pdftex.def Info: celdas/tomo3-10-0.png used on input line 476.
(pdftex.def)             Requested size: 73.74918pt x 73.75787pt.

<celdas/tomo3-13-0.png, id=988, 26.34843pt x 26.34843pt>
File: celdas/tomo3-13-0.png Graphic file (type png)

<use celdas/tomo3-13-0.png>
Package pdftex.def Info: celdas/tomo3-13-0.png used on input line 476.
(pdftex.def)             Requested size: 73.74918pt x 73.76181pt.

<celdas/tomo3-17-0.png, id=989, 20.32594pt x 20.32594pt>
File: celdas/tomo3-17-0.png Graphic file (type png)

<use celdas/tomo3-17-0.png>
Package pdftex.def Info: celdas/tomo3-17-0.png used on input line 476.
(pdftex.def)             Requested size: 73.74918pt x 73.76909pt.

<celdas/tomo3-20-0.png, id=990, 17.31468pt x 17.31468pt>
File: celdas/tomo3-20-0.png Graphic file (type png)

<use celdas/tomo3-20-0.png>
Package pdftex.def Info: celdas/tomo3-20-0.png used on input line 476.
(pdftex.def)             Requested size: 73.74918pt x 73.75807pt.
pdfTeX warning (ext4): destination with the same identifier (name{fig:muestras_
celdas}) has been already used, duplicate ignored
<to be read again> 
                   \relax 
l.476 \end{frame}
                  [38

 <./celdas/tomo3-10-0.png> <./celdas/tomo3-13-0.png> <./celdas/tomo3-17-0.png> 
<./celdas/tomo3-20-0.png>] [39

]
<rayos/phantom-vhd.png, id=1044, 24.09pt x 24.09pt>
File: rayos/phantom-vhd.png Graphic file (type png)

<use rayos/phantom-vhd.png>
Package pdftex.def Info: rayos/phantom-vhd.png used on input line 568.
(pdftex.def)             Requested size: 92.18788pt x 92.20305pt.

<rayos/tomo3-vhd.png, id=1045, 34.62938pt x 34.62938pt>
File: rayos/tomo3-vhd.png Graphic file (type png)

<use rayos/tomo3-vhd.png>
Package pdftex.def Info: rayos/tomo3-vhd.png used on input line 568.
(pdftex.def)             Requested size: 92.18788pt x 92.19905pt.
 [40

 <./rayos/phantom-vhd.png> <./rayos/tomo3-vhd.png>] [41

] [42

] <rayos/phantom-barrido.png, id=1123, 24.09pt x 24.09pt>
File: rayos/phantom-barrido.png Graphic file (type png)

<use rayos/phantom-barrido.png>
Package pdftex.def Info: rayos/phantom-barrido.png used on input line 707.
(pdftex.def)             Requested size: 92.18788pt x 92.20305pt.

<rayos/tomo3-barrido.png, id=1124, 34.62938pt x 34.62938pt>
File: rayos/tomo3-barrido.png Graphic file (type png)

<use rayos/tomo3-barrido.png>
Package pdftex.def Info: rayos/tomo3-barrido.png used on input line 707.
(pdftex.def)             Requested size: 92.18788pt x 92.19905pt.
 [43

 <./rayos/phantom-barrido.png> <./rayos/tomo3-barrido.png>] [44

]
! Undefined control sequence.
<argument> .../enumerate \beameritemnestingprefix 
                                                  body end
l.736 \end{frame}
                 
? 
[45

]
! Undefined control sequence.
<argument> .../enumerate \beameritemnestingprefix 
                                                  body end
l.736 \end{frame}
                 
? 
[46

] [47

] [48

] <rayos/tomo3-aleat1444.png, id=1280, 28.60687pt x 28.60687pt>
File: rayos/tomo3-aleat1444.png Graphic file (type png)

<use rayos/tomo3-aleat1444.png>
Package pdftex.def Info: rayos/tomo3-aleat1444.png used on input line 905.
(pdftex.def)             Requested size: 73.74918pt x 73.76236pt.

<rayos/tomo3-aleat2500.png, id=1281, 28.60687pt x 28.60687pt>
File: rayos/tomo3-aleat2500.png Graphic file (type png)

<use rayos/tomo3-aleat2500.png>
Package pdftex.def Info: rayos/tomo3-aleat2500.png used on input line 905.
(pdftex.def)             Requested size: 73.74918pt x 73.76236pt.

<rayos/tomo3-aleat4000.png, id=1282, 28.60687pt x 28.60687pt>
File: rayos/tomo3-aleat4000.png Graphic file (type png)

<use rayos/tomo3-aleat4000.png>
Package pdftex.def Info: rayos/tomo3-aleat4000.png used on input line 905.
(pdftex.def)             Requested size: 73.74918pt x 73.76236pt.

<rayos/tomo3-aleat7000.png, id=1283, 28.60687pt x 28.60687pt>
File: rayos/tomo3-aleat7000.png Graphic file (type png)

<use rayos/tomo3-aleat7000.png>
Package pdftex.def Info: rayos/tomo3-aleat7000.png used on input line 905.
(pdftex.def)             Requested size: 73.74918pt x 73.76236pt.

Overfull \vbox (13.2516pt too high) detected at line 905
 []

[49

 <./rayos/tomo3-aleat1444.png> <./rayos/tomo3-aleat2500.png> <./rayos/tomo3-ale
at4000.png> <./rayos/tomo3-aleat7000.png>]
<rayos/phantom-aleat676.png, id=1311, 19.57312pt x 19.57312pt>
File: rayos/phantom-aleat676.png Graphic file (type png)

<use rayos/phantom-aleat676.png>
Package pdftex.def Info: rayos/phantom-aleat676.png used on input line 937.
(pdftex.def)             Requested size: 73.74918pt x 73.75945pt.

<rayos/phantom-aleat1500.png, id=1312, 19.57312pt x 19.57312pt>
File: rayos/phantom-aleat1500.png Graphic file (type png)

<use rayos/phantom-aleat1500.png>
Package pdftex.def Info: rayos/phantom-aleat1500.png used on input line 937.
(pdftex.def)             Requested size: 73.74918pt x 73.75945pt.

<rayos/phantom-aleat4000.png, id=1313, 19.57312pt x 19.57312pt>
File: rayos/phantom-aleat4000.png Graphic file (type png)

<use rayos/phantom-aleat4000.png>
Package pdftex.def Info: rayos/phantom-aleat4000.png used on input line 937.
(pdftex.def)             Requested size: 73.74918pt x 73.75945pt.

<rayos/phantom-aleat7000.png, id=1314, 19.57312pt x 19.57312pt>
File: rayos/phantom-aleat7000.png Graphic file (type png)

<use rayos/phantom-aleat7000.png>
Package pdftex.def Info: rayos/phantom-aleat7000.png used on input line 937.
(pdftex.def)             Requested size: 73.74918pt x 73.75945pt.
pdfTeX warning (ext4): destination with the same identifier (name{fig:muestras_
aleat}) has been already used, duplicate ignored
<to be read again> 
                   \relax 
l.937 \end{frame}
                 
Overfull \vbox (13.24577pt too high) detected at line 937
 []

[50

 <./rayos/phantom-aleat676.png> <./rayos/phantom-aleat1500.png> <./rayos/phanto
m-aleat4000.png> <./rayos/phantom-aleat7000.png>] [51

]
<rayos/tomo-completo.png, id=1366, 37.64063pt x 37.64063pt>
File: rayos/tomo-completo.png Graphic file (type png)

<use rayos/tomo-completo.png>
Package pdftex.def Info: rayos/tomo-completo.png used on input line 1225.
(pdftex.def)             Requested size: 92.1879pt x 92.20651pt.
 [52

 <./rayos/tomo-completo.png>] [53

]
<ruido/tomo2-ruido0.png, id=1419, 41.4047pt x 41.4047pt>
File: ruido/tomo2-ruido0.png Graphic file (type png)

<use ruido/tomo2-ruido0.png>
Package pdftex.def Info: ruido/tomo2-ruido0.png used on input line 1346.
(pdftex.def)             Requested size: 90.34514pt x 90.35832pt.

<ruido/tomo2-ruido4000.png, id=1420, 41.4047pt x 41.4047pt>
File: ruido/tomo2-ruido4000.png Graphic file (type png)

<use ruido/tomo2-ruido4000.png>
Package pdftex.def Info: ruido/tomo2-ruido4000.png used on input line 1346.
(pdftex.def)             Requested size: 90.34514pt x 90.35832pt.
 [54

 <./ruido/tomo2-ruido0.png> <./ruido/tomo2-ruido4000.png>] <ruido/tomo2-ruido80
00.png, id=1448, 41.4047pt x 41.4047pt>
File: ruido/tomo2-ruido8000.png Graphic file (type png)

<use ruido/tomo2-ruido8000.png>
Package pdftex.def Info: ruido/tomo2-ruido8000.png used on input line 1368.
(pdftex.def)             Requested size: 90.34514pt x 90.35832pt.

<ruido/tomo2-ruido12000.png, id=1449, 41.4047pt x 41.4047pt>
File: ruido/tomo2-ruido12000.png Graphic file (type png)

<use ruido/tomo2-ruido12000.png>
Package pdftex.def Info: ruido/tomo2-ruido12000.png used on input line 1368.
(pdftex.def)             Requested size: 90.34514pt x 90.35832pt.
pdfTeX warning (ext4): destination with the same identifier (name{fig:muestras_
ruido}) has been already used, duplicate ignored
<to be read again> 
                   \relax 
l.1368 \end{frame}
                   [55

 <./ruido/tomo2-ruido8000.png> <./ruido/tomo2-ruido12000.png>] <ruido/tomo2-rui
do16000.png, id=1476, 41.4047pt x 41.4047pt>
File: ruido/tomo2-ruido16000.png Graphic file (type png)

<use ruido/tomo2-ruido16000.png>
Package pdftex.def Info: ruido/tomo2-ruido16000.png used on input line 1391.
(pdftex.def)             Requested size: 90.34514pt x 90.35832pt.

<ruido/tomo2-ruido20000.png, id=1477, 41.4047pt x 41.4047pt>
File: ruido/tomo2-ruido20000.png Graphic file (type png)

<use ruido/tomo2-ruido20000.png>
Package pdftex.def Info: ruido/tomo2-ruido20000.png used on input line 1391.
(pdftex.def)             Requested size: 90.34514pt x 90.35832pt.
pdfTeX warning (ext4): destination with the same identifier (name{fig:muestras_
ruido}) has been already used, duplicate ignored
<to be read again> 
                   \relax 
l.1391 \end{frame}
                   [56

 <./ruido/tomo2-ruido16000.png> <./ruido/tomo2-ruido20000.png>] [57

] [58

] [59

] [60

] [61

] [62

] [63

]
\tf@nav=\write6
\openout6 = `presentacion.nav'.

\tf@toc=\write7
\openout7 = `presentacion.toc'.

\tf@snm=\write8
\openout8 = `presentacion.snm'.

Package atveryend Info: Empty hook `BeforeClearDocument' on input line 1416.
Package atveryend Info: Empty hook `AfterLastShipout' on input line 1416.
 (./presentacion.aux
LaTeX Info: Redefining \. on input line 24.
LaTeX Info: Redefining \% on input line 24.
)
Package atveryend Info: Executing hook `AtVeryEndDocument' on input line 1416.
Package atveryend Info: Executing hook `AtEndAfterFileList' on input line 1416.

Package rerunfilecheck Info: File `presentacion.out' has not changed.
(rerunfilecheck)             Checksum: D41D8CD98F00B204E9800998ECF8427E;0.


LaTeX Font Warning: Size substitutions with differences
(Font)              up to 1.0pt have occurred.


LaTeX Warning: There were multiply-defined labels.

 ) 
Here is how much of TeX's memory you used:
 33378 strings out of 492995
 783602 string characters out of 6132704
 1015296 words of memory out of 5000000
 36101 multiletter control sequences out of 15000+600000
 16520 words of font info for 61 fonts, out of 8000000 for 9000
 1141 hyphenation exceptions out of 8191
 64i,18n,98p,778b,2248s stack positions out of 5000i,500n,10000p,200000b,80000s
</usr/local/texlive/2017/texmf-dist/fonts/type1/public/amsfonts/cm/cmex10.pfb
></usr/local/texlive/2017/texmf-dist/fonts/type1/public/amsfonts/cm/cmmi10.pfb>
</usr/local/texlive/2017/texmf-dist/fonts/type1/public/amsfonts/cm/cmss10.pfb><
/usr/local/texlive/2017/texmf-dist/fonts/type1/public/amsfonts/cm/cmss12.pfb></
usr/local/texlive/2017/texmf-dist/fonts/type1/public/amsfonts/cm/cmss8.pfb></us
r/local/texlive/2017/texmf-dist/fonts/type1/public/amsfonts/cm/cmssbx10.pfb></u
sr/local/texlive/2017/texmf-dist/fonts/type1/public/amsfonts/cm/cmssi10.pfb></u
sr/local/texlive/2017/texmf-dist/fonts/type1/public/amsfonts/cm/cmssi12.pfb></u
sr/local/texlive/2017/texmf-dist/fonts/type1/public/amsfonts/cm/cmssi8.pfb></us
r/local/texlive/2017/texmf-dist/fonts/type1/public/amsfonts/cm/cmsy10.pfb></usr
/local/texlive/2017/texmf-dist/fonts/type1/public/amsfonts/cm/cmsy8.pfb></usr/l
ocal/texlive/2017/texmf-dist/fonts/type1/public/amsfonts/cm/cmtt10.pfb></usr/lo
cal/texlive/2017/texmf-dist/fonts/type1/public/amsfonts/symbols/msam10.pfb></us
r/local/texlive/2017/texmf-dist/fonts/type1/public/amsfonts/symbols/msam7.pfb>
Output written on presentacion.pdf (63 pages, 840214 bytes).
PDF statistics:
 1760 PDF objects out of 2073 (max. 8388607)
 1627 compressed objects within 17 object streams
 145 named destinations out of 1000 (max. 500000)
 188 words of extra memory for PDF output out of 10000 (max. 10000000)

